<?xml version="1.0" encoding="UTF-8"?>
<testng-results skipped="0" failed="0" ignored="0" total="1" passed="1">
  <reporter-output>
  </reporter-output>
  <suite name="Default suite" duration-ms="3778" started-at="2019-12-02T14:52:11Z" finished-at="2019-12-02T14:52:15Z">
    <groups>
    </groups>
    <test name="Default test" duration-ms="3778" started-at="2019-12-02T14:52:11Z" finished-at="2019-12-02T14:52:15Z">
      <class name="Selenium.api.bdd.GetApi">
        <test-method status="PASS" signature="getapiresponse()[pri:0, instance:Selenium.api.bdd.GetApi@d8355a8]" name="getapiresponse" duration-ms="3749" started-at="2019-12-02T14:52:11Z" finished-at="2019-12-02T14:52:15Z">
          <reporter-output>
          </reporter-output>
        </test-method> <!-- getapiresponse -->
      </class> <!-- Selenium.api.bdd.GetApi -->
    </test> <!-- Default test -->
  </suite> <!-- Default suite -->
</testng-results>
